<?xml version="1.0" encoding="UTF-8"?>
<testng-results skipped="0" failed="0" ignored="0" total="1" passed="1">
  <reporter-output>
  </reporter-output>
  <suite name="Suite" duration-ms="5271" started-at="2019-06-22T09:00:00Z" finished-at="2019-06-22T09:00:05Z">
    <groups>
    </groups>
    <test name="Test" duration-ms="5271" started-at="2019-06-22T09:00:00Z" finished-at="2019-06-22T09:00:05Z">
      <class name="com.infy.SeleniumTest.MallOfMysore">
        <test-method status="PASS" signature="setup()[pri:0, instance:com.infy.SeleniumTest.MallOfMysore@59f99ea]" name="setup" is-config="true" duration-ms="4645" started-at="2019-06-22T09:00:00Z" finished-at="2019-06-22T09:00:04Z">
          <reporter-output>
          </reporter-output>
        </test-method> <!-- setup -->
        <test-method status="PASS" signature="submit()[pri:0, instance:com.infy.SeleniumTest.MallOfMysore@59f99ea]" name="submit" duration-ms="18" started-at="2019-06-22T09:00:05Z" finished-at="2019-06-22T09:00:05Z">
          <reporter-output>
          </reporter-output>
        </test-method> <!-- submit -->
        <test-method status="PASS" signature="tearDown()[pri:0, instance:com.infy.SeleniumTest.MallOfMysore@59f99ea]" name="tearDown" is-config="true" duration-ms="570" started-at="2019-06-22T09:00:05Z" finished-at="2019-06-22T09:00:05Z">
          <reporter-output>
          </reporter-output>
        </test-method> <!-- tearDown -->
      </class> <!-- com.infy.SeleniumTest.MallOfMysore -->
    </test> <!-- Test -->
  </suite> <!-- Suite -->
</testng-results>
